[2026-05-01T14:37:06.117713] ULTIMATE DEBUG: ===== STARTING ULTIMATE DEBUG =====
[2026-05-01T14:37:06.132737] ULTIMATE DEBUG: Patching psycopg2 module...
[2026-05-01T14:37:06.685133] ULTIMATE DEBUG: psycopg2 patched!
[2026-05-01T14:37:07.022207] ULTIMATE DEBUG: Patching asyncpg module (CRITICAL!)...
[2026-05-01T14:37:07.329939] ULTIMATE DEBUG: asyncpg patch failed: No module named 'asyncpg'
[2026-05-01T14:37:07.389578] ULTIMATE DEBUG: Patching Twisted reactor...
[2026-05-01T14:37:08.568050] ULTIMATE DEBUG: Twisted reactor patched!
[2026-05-01T14:37:08.571298] ULTIMATE DEBUG: ===== RUNNING SYNAPSE =====
[2026-05-01T14:38:02.979021] ULTIMATE DEBUG: ===== STARTING ULTIMATE DEBUG =====
[2026-05-01T14:38:02.986993] ULTIMATE DEBUG: Patching psycopg2 module...
[2026-05-01T14:38:03.099995] ULTIMATE DEBUG: psycopg2 patched!
[2026-05-01T14:38:03.121590] ULTIMATE DEBUG: Patching asyncpg module (CRITICAL!)...
[2026-05-01T14:38:03.127657] ULTIMATE DEBUG: asyncpg patch failed: No module named 'asyncpg'
[2026-05-01T14:38:03.149076] ULTIMATE DEBUG: Patching Twisted reactor...
[2026-05-01T14:38:04.249641] ULTIMATE DEBUG: Twisted reactor patched!
[2026-05-01T14:38:04.270500] ULTIMATE DEBUG: ===== RUNNING SYNAPSE =====
[2026-05-01T15:01:47.110594] ULTIMATE DEBUG: ===== STARTING ULTIMATE DEBUG =====
[2026-05-01T15:01:47.122958] ULTIMATE DEBUG: Patching psycopg2 module...
[2026-05-01T15:01:47.376650] ULTIMATE DEBUG: psycopg2 patched!
[2026-05-01T15:01:47.378865] ULTIMATE DEBUG: Patching asyncpg module (CRITICAL!)...
[2026-05-01T15:01:48.007345] ULTIMATE DEBUG: asyncpg patched!
[2026-05-01T15:01:48.010777] ULTIMATE DEBUG: Patching Twisted reactor...
[2026-05-01T15:01:49.018036] ULTIMATE DEBUG: Twisted reactor patched!
[2026-05-01T15:01:49.023723] ULTIMATE DEBUG: ===== RUNNING SYNAPSE =====
[2026-05-01T15:03:55.521456] ULTIMATE DEBUG: ===== STARTING ULTIMATE DEBUG =====
[2026-05-01T15:03:55.535880] ULTIMATE DEBUG: Patching psycopg2 module...
[2026-05-01T15:03:55.718943] ULTIMATE DEBUG: psycopg2 patched!
[2026-05-01T15:03:55.721543] ULTIMATE DEBUG: Patching asyncpg module (CRITICAL!)...
[2026-05-01T15:03:56.151947] ULTIMATE DEBUG: asyncpg patched!
[2026-05-01T15:03:56.168792] ULTIMATE DEBUG: Patching Twisted reactor...
[2026-05-01T15:03:56.802545] ULTIMATE DEBUG: Twisted reactor patched!
[2026-05-01T15:03:56.805753] ULTIMATE DEBUG: ===== RUNNING SYNAPSE =====
[2026-05-01T16:09:18.218143] ULTIMATE DEBUG: ===== STARTING ULTIMATE DEBUG =====
[2026-05-01T16:09:18.222063] ULTIMATE DEBUG: Patching psycopg2 module...
[2026-05-01T16:09:18.814752] ULTIMATE DEBUG: psycopg2 patched!
[2026-05-01T16:09:18.834212] ULTIMATE DEBUG: Patching asyncpg module (CRITICAL!)...
[2026-05-01T16:09:19.550750] ULTIMATE DEBUG: asyncpg patched!
[2026-05-01T16:09:19.553905] ULTIMATE DEBUG: Patching Twisted reactor...
[2026-05-01T16:09:20.271334] ULTIMATE DEBUG: Twisted reactor patched!
[2026-05-01T16:09:20.272786] ULTIMATE DEBUG: ===== RUNNING SYNAPSE =====
[2026-05-01T16:12:28.444845] ULTIMATE DEBUG: ===== STARTING ULTIMATE DEBUG =====
[2026-05-01T16:12:28.467989] ULTIMATE DEBUG: Patching psycopg2 module...
[2026-05-01T16:12:32.466086] ULTIMATE DEBUG: synapse.storage.database.psycopg2 not found, will try later patch
[2026-05-01T16:12:32.470116] ULTIMATE DEBUG: psycopg2 patched!
[2026-05-01T16:12:32.472141] ULTIMATE DEBUG: Patching asyncpg module (CRITICAL!)...
[2026-05-01T16:12:32.499880] ULTIMATE DEBUG: asyncpg patched!
[2026-05-01T16:12:32.504406] ULTIMATE DEBUG: Patching Twisted reactor...
[2026-05-01T16:12:32.506423] ULTIMATE DEBUG: Twisted reactor patched!
[2026-05-01T16:12:32.508430] ULTIMATE DEBUG: ===== RUNNING SYNAPSE =====
[2026-05-02T05:18:38.354646] ULTIMATE DEBUG: ===== STARTING ULTIMATE DEBUG =====
[2026-05-02T05:18:38.360784] ULTIMATE DEBUG: Patching psycopg2 module...
[2026-05-02T05:18:49.426198] ULTIMATE DEBUG: synapse.storage.database.psycopg2 not found, will try later patch
[2026-05-02T05:18:49.430486] ULTIMATE DEBUG: psycopg2 patched!
[2026-05-02T05:18:49.438556] ULTIMATE DEBUG: Patching asyncpg module (CRITICAL!)...
[2026-05-02T05:18:49.567594] ULTIMATE DEBUG: asyncpg patched!
[2026-05-02T05:18:49.572602] ULTIMATE DEBUG: Patching Twisted reactor...
[2026-05-02T05:18:49.575287] ULTIMATE DEBUG: Twisted reactor patched!
[2026-05-02T05:18:49.578344] ULTIMATE DEBUG: ===== RUNNING SYNAPSE =====
[2026-05-02T06:29:49.405352] ULTIMATE DEBUG: ===== STARTING ULTIMATE DEBUG =====
[2026-05-02T06:29:49.408979] ULTIMATE DEBUG: Patching psycopg2 module...
[2026-05-02T06:29:55.657644] ULTIMATE DEBUG: synapse.storage.database.psycopg2 not found, will try later patch
[2026-05-02T06:29:55.661623] ULTIMATE DEBUG: psycopg2 patched!
[2026-05-02T06:29:55.663204] ULTIMATE DEBUG: Patching asyncpg module (CRITICAL!)...
[2026-05-02T06:29:55.704416] ULTIMATE DEBUG: asyncpg patched!
[2026-05-02T06:29:55.706333] ULTIMATE DEBUG: Patching Twisted reactor...
[2026-05-02T06:29:55.709693] ULTIMATE DEBUG: Twisted reactor patched!
[2026-05-02T06:29:55.712160] ULTIMATE DEBUG: ===== RUNNING SYNAPSE =====
[2026-05-02T07:05:23.214850] ULTIMATE DEBUG: ===== STARTING ULTIMATE DEBUG =====
[2026-05-02T07:05:23.259978] ULTIMATE DEBUG: Patching psycopg2 module...
[2026-05-02T07:05:27.265883] ULTIMATE DEBUG: synapse.storage.database.psycopg2 not found, will try later patch
[2026-05-02T07:05:27.267598] ULTIMATE DEBUG: psycopg2 patched!
[2026-05-02T07:05:27.269100] ULTIMATE DEBUG: Patching asyncpg module (CRITICAL!)...
[2026-05-02T07:05:27.298618] ULTIMATE DEBUG: asyncpg patched!
[2026-05-02T07:05:27.300417] ULTIMATE DEBUG: Patching Twisted reactor...
[2026-05-02T07:05:27.302067] ULTIMATE DEBUG: Twisted reactor patched!
[2026-05-02T07:05:27.303531] ULTIMATE DEBUG: ===== RUNNING SYNAPSE =====
[2026-05-02T07:44:49.673406] ULTIMATE DEBUG: ===== STARTING ULTIMATE DEBUG =====
[2026-05-02T07:44:49.676333] ULTIMATE DEBUG: Patching psycopg2 module...
[2026-05-02T07:44:54.170280] ULTIMATE DEBUG: synapse.storage.database.psycopg2 not found, will try later patch
[2026-05-02T07:44:54.171918] ULTIMATE DEBUG: psycopg2 patched!
[2026-05-02T07:44:54.175516] ULTIMATE DEBUG: Patching asyncpg module (CRITICAL!)...
[2026-05-02T07:44:54.227821] ULTIMATE DEBUG: asyncpg patched!
[2026-05-02T07:44:54.229866] ULTIMATE DEBUG: Patching Twisted reactor...
[2026-05-02T07:44:54.231364] ULTIMATE DEBUG: Twisted reactor patched!
[2026-05-02T07:44:54.232904] ULTIMATE DEBUG: ===== RUNNING SYNAPSE =====
[2026-05-02T07:58:39.964326] ULTIMATE DEBUG: ===== STARTING ULTIMATE DEBUG =====
[2026-05-02T07:58:39.982214] ULTIMATE DEBUG: Patching psycopg2 module...
[2026-05-02T07:58:42.533480] ULTIMATE DEBUG: synapse.storage.database.psycopg2 not found, will try later patch
[2026-05-02T07:58:42.535692] ULTIMATE DEBUG: psycopg2 patched!
[2026-05-02T07:58:42.537207] ULTIMATE DEBUG: Patching asyncpg module (CRITICAL!)...
[2026-05-02T07:58:42.568267] ULTIMATE DEBUG: asyncpg patched!
[2026-05-02T07:58:42.569795] ULTIMATE DEBUG: Patching Twisted reactor...
[2026-05-02T07:58:42.571387] ULTIMATE DEBUG: Twisted reactor patched!
[2026-05-02T07:58:42.572944] ULTIMATE DEBUG: ===== RUNNING SYNAPSE =====
[2026-05-02T07:58:57.778174] ULTIMATE DEBUG: ===== STARTING ULTIMATE DEBUG =====
[2026-05-02T07:58:57.796459] ULTIMATE DEBUG: Patching psycopg2 module...
[2026-05-02T07:58:59.500645] ULTIMATE DEBUG: synapse.storage.database.psycopg2 not found, will try later patch
[2026-05-02T07:58:59.502905] ULTIMATE DEBUG: psycopg2 patched!
[2026-05-02T07:58:59.504693] ULTIMATE DEBUG: Patching asyncpg module (CRITICAL!)...
[2026-05-02T07:58:59.534471] ULTIMATE DEBUG: asyncpg patched!
[2026-05-02T07:58:59.537309] ULTIMATE DEBUG: Patching Twisted reactor...
[2026-05-02T07:58:59.539210] ULTIMATE DEBUG: Twisted reactor patched!
[2026-05-02T07:58:59.542303] ULTIMATE DEBUG: ===== RUNNING SYNAPSE =====
[2026-05-02T08:00:49.675928] ULTIMATE DEBUG: ===== STARTING ULTIMATE DEBUG =====
[2026-05-02T08:00:49.687109] ULTIMATE DEBUG: Patching psycopg2 module...
[2026-05-02T08:00:51.823031] ULTIMATE DEBUG: synapse.storage.database.psycopg2 not found, will try later patch
[2026-05-02T08:00:51.828474] ULTIMATE DEBUG: psycopg2 patched!
[2026-05-02T08:00:51.837524] ULTIMATE DEBUG: Patching asyncpg module (CRITICAL!)...
[2026-05-02T08:00:51.882106] ULTIMATE DEBUG: asyncpg patched!
[2026-05-02T08:00:51.891768] ULTIMATE DEBUG: Patching Twisted reactor...
[2026-05-02T08:00:51.894638] ULTIMATE DEBUG: Twisted reactor patched!
[2026-05-02T08:00:51.897518] ULTIMATE DEBUG: ===== RUNNING SYNAPSE =====
